17:53:38 **** Incremental Build of configuration Debug for project FreeRTOS_ads7843_LCD_project ****
make -j4 all 
Building file: ../src/main.c
Building file: ../Utilities/delay.c
Invoking: MCU GCC Compiler
Building file: ../Usart/usart.c
Building file: ../Third_party/FreeRTOS/ORG/Source/portable/MemMang/heap_4.c
Invoking: MCU GCC Compiler
D:\PENDRIVE\EMBEDDED_SYSTEM\STM32_PROJECTS\FreeRTOS_Project\FreeRTOS_Simple_Task\FreeRTOS_ads7843_LCD_project\Debug
Invoking: MCU GCC Compiler
Invoking: MCU GCC Compiler
arm-none-eabi-gcc -mcpu=cortex-m4 -mthumb -mfloat-abi=hard -mfpu=fpv4-sp-d16 -DSTM32 -DSTM32F4 -DSTM32F446RETx -DNUCLEO_F446RE -DDEBUG -DSTM32F446xx -DUSE_STDPERIPH_DRIVER -I"D:/PENDRIVE/EMBEDDED_SYSTEM/STM32_PROJECTS/FreeRTOS_Project/FreeRTOS_Simple_Task/FreeRTOS_ads7843_LCD_project/StdPeriph_Driver/inc" -I"D:/PENDRIVE/EMBEDDED_SYSTEM/STM32_PROJECTS/FreeRTOS_Project/FreeRTOS_Simple_Task/FreeRTOS_ads7843_LCD_project/Config" -I"D:/PENDRIVE/EMBEDDED_SYSTEM/STM32_PROJECTS/FreeRTOS_Project/FreeRTOS_Simple_Task/FreeRTOS_ads7843_LCD_project/Third_party/FreeRTOS/ORG/Source/include" -I"D:/PENDRIVE/EMBEDDED_SYSTEM/STM32_PROJECTS/FreeRTOS_Project/FreeRTOS_Simple_Task/FreeRTOS_ads7843_LCD_project/Third_party/FreeRTOS/ORG/Source/portable/GCC/ARM_CM4F" -I"D:/PENDRIVE/EMBEDDED_SYSTEM/STM32_PROJECTS/FreeRTOS_Project/FreeRTOS_Simple_Task/FreeRTOS_ads7843_LCD_project/inc" -I"D:/PENDRIVE/EMBEDDED_SYSTEM/STM32_PROJECTS/FreeRTOS_Project/FreeRTOS_Simple_Task/FreeRTOS_ads7843_LCD_project/CMSIS/device" -I"D:/PENDRIVE/EMBEDDED_SYSTEM/STM32_PROJECTS/FreeRTOS_Project/FreeRTOS_Simple_Task/FreeRTOS_ads7843_LCD_project/CMSIS/core" -O0 -g3 -Wall -fmessage-length=0 -ffunction-sections -c -MMD -MP -MF"src/main.d" -MT"src/main.o" -o "src/main.o" "../src/main.c"
D:\PENDRIVE\EMBEDDED_SYSTEM\STM32_PROJECTS\FreeRTOS_Project\FreeRTOS_Simple_Task\FreeRTOS_ads7843_LCD_project\Debug
D:\PENDRIVE\EMBEDDED_SYSTEM\STM32_PROJECTS\FreeRTOS_Project\FreeRTOS_Simple_Task\FreeRTOS_ads7843_LCD_project\Debug
D:\PENDRIVE\EMBEDDED_SYSTEM\STM32_PROJECTS\FreeRTOS_Project\FreeRTOS_Simple_Task\FreeRTOS_ads7843_LCD_project\Debug
arm-none-eabi-gcc -mcpu=cortex-m4 -mthumb -mfloat-abi=hard -mfpu=fpv4-sp-d16 -DSTM32 -DSTM32F4 -DSTM32F446RETx -DNUCLEO_F446RE -DDEBUG -DSTM32F446xx -DUSE_STDPERIPH_DRIVER -I"D:/PENDRIVE/EMBEDDED_SYSTEM/STM32_PROJECTS/FreeRTOS_Project/FreeRTOS_Simple_Task/FreeRTOS_ads7843_LCD_project/StdPeriph_Driver/inc" -I"D:/PENDRIVE/EMBEDDED_SYSTEM/STM32_PROJECTS/FreeRTOS_Project/FreeRTOS_Simple_Task/FreeRTOS_ads7843_LCD_project/Config" -I"D:/PENDRIVE/EMBEDDED_SYSTEM/STM32_PROJECTS/FreeRTOS_Project/FreeRTOS_Simple_Task/FreeRTOS_ads7843_LCD_project/Third_party/FreeRTOS/ORG/Source/include" -I"D:/PENDRIVE/EMBEDDED_SYSTEM/STM32_PROJECTS/FreeRTOS_Project/FreeRTOS_Simple_Task/FreeRTOS_ads7843_LCD_project/Third_party/FreeRTOS/ORG/Source/portable/GCC/ARM_CM4F" -I"D:/PENDRIVE/EMBEDDED_SYSTEM/STM32_PROJECTS/FreeRTOS_Project/FreeRTOS_Simple_Task/FreeRTOS_ads7843_LCD_project/inc" -I"D:/PENDRIVE/EMBEDDED_SYSTEM/STM32_PROJECTS/FreeRTOS_Project/FreeRTOS_Simple_Task/FreeRTOS_ads7843_LCD_project/CMSIS/device" -I"D:/PENDRIVE/EMBEDDED_SYSTEM/STM32_PROJECTS/FreeRTOS_Project/FreeRTOS_Simple_Task/FreeRTOS_ads7843_LCD_project/CMSIS/core" -O0 -g3 -Wall -fmessage-length=0 -ffunction-sections -c -MMD -MP -MF"Utilities/delay.d" -MT"Utilities/delay.o" -o "Utilities/delay.o" "../Utilities/delay.c"
arm-none-eabi-gcc -mcpu=cortex-m4 -mthumb -mfloat-abi=hard -mfpu=fpv4-sp-d16 -DSTM32 -DSTM32F4 -DSTM32F446RETx -DNUCLEO_F446RE -DDEBUG -DSTM32F446xx -DUSE_STDPERIPH_DRIVER -I"D:/PENDRIVE/EMBEDDED_SYSTEM/STM32_PROJECTS/FreeRTOS_Project/FreeRTOS_Simple_Task/FreeRTOS_ads7843_LCD_project/StdPeriph_Driver/inc" -I"D:/PENDRIVE/EMBEDDED_SYSTEM/STM32_PROJECTS/FreeRTOS_Project/FreeRTOS_Simple_Task/FreeRTOS_ads7843_LCD_project/Config" -I"D:/PENDRIVE/EMBEDDED_SYSTEM/STM32_PROJECTS/FreeRTOS_Project/FreeRTOS_Simple_Task/FreeRTOS_ads7843_LCD_project/Third_party/FreeRTOS/ORG/Source/include" -I"D:/PENDRIVE/EMBEDDED_SYSTEM/STM32_PROJECTS/FreeRTOS_Project/FreeRTOS_Simple_Task/FreeRTOS_ads7843_LCD_project/Third_party/FreeRTOS/ORG/Source/portable/GCC/ARM_CM4F" -I"D:/PENDRIVE/EMBEDDED_SYSTEM/STM32_PROJECTS/FreeRTOS_Project/FreeRTOS_Simple_Task/FreeRTOS_ads7843_LCD_project/inc" -I"D:/PENDRIVE/EMBEDDED_SYSTEM/STM32_PROJECTS/FreeRTOS_Project/FreeRTOS_Simple_Task/FreeRTOS_ads7843_LCD_project/CMSIS/device" -I"D:/PENDRIVE/EMBEDDED_SYSTEM/STM32_PROJECTS/FreeRTOS_Project/FreeRTOS_Simple_Task/FreeRTOS_ads7843_LCD_project/CMSIS/core" -O0 -g3 -Wall -fmessage-length=0 -ffunction-sections -c -MMD -MP -MF"Usart/usart.d" -MT"Usart/usart.o" -o "Usart/usart.o" "../Usart/usart.c"
arm-none-eabi-gcc -mcpu=cortex-m4 -mthumb -mfloat-abi=hard -mfpu=fpv4-sp-d16 -DSTM32 -DSTM32F4 -DSTM32F446RETx -DNUCLEO_F446RE -DDEBUG -DSTM32F446xx -DUSE_STDPERIPH_DRIVER -I"D:/PENDRIVE/EMBEDDED_SYSTEM/STM32_PROJECTS/FreeRTOS_Project/FreeRTOS_Simple_Task/FreeRTOS_ads7843_LCD_project/StdPeriph_Driver/inc" -I"D:/PENDRIVE/EMBEDDED_SYSTEM/STM32_PROJECTS/FreeRTOS_Project/FreeRTOS_Simple_Task/FreeRTOS_ads7843_LCD_project/Config" -I"D:/PENDRIVE/EMBEDDED_SYSTEM/STM32_PROJECTS/FreeRTOS_Project/FreeRTOS_Simple_Task/FreeRTOS_ads7843_LCD_project/Third_party/FreeRTOS/ORG/Source/include" -I"D:/PENDRIVE/EMBEDDED_SYSTEM/STM32_PROJECTS/FreeRTOS_Project/FreeRTOS_Simple_Task/FreeRTOS_ads7843_LCD_project/Third_party/FreeRTOS/ORG/Source/portable/GCC/ARM_CM4F" -I"D:/PENDRIVE/EMBEDDED_SYSTEM/STM32_PROJECTS/FreeRTOS_Project/FreeRTOS_Simple_Task/FreeRTOS_ads7843_LCD_project/inc" -I"D:/PENDRIVE/EMBEDDED_SYSTEM/STM32_PROJECTS/FreeRTOS_Project/FreeRTOS_Simple_Task/FreeRTOS_ads7843_LCD_project/CMSIS/device" -I"D:/PENDRIVE/EMBEDDED_SYSTEM/STM32_PROJECTS/FreeRTOS_Project/FreeRTOS_Simple_Task/FreeRTOS_ads7843_LCD_project/CMSIS/core" -O0 -g3 -Wall -fmessage-length=0 -ffunction-sections -c -MMD -MP -MF"Third_party/FreeRTOS/ORG/Source/portable/MemMang/heap_4.d" -MT"Third_party/FreeRTOS/ORG/Source/portable/MemMang/heap_4.o" -o "Third_party/FreeRTOS/ORG/Source/portable/MemMang/heap_4.o" "../Third_party/FreeRTOS/ORG/Source/portable/MemMang/heap_4.c"
../Usart/usart.c:6:9: fatal error: mytask.h: No such file or directory
 #include"mytask.h"
         ^~~~~~~~~~
compilation terminated.
../src/main.c:13:10: fatal error: mytasks.h: No such file or directory
 #include "mytasks.h"
          ^~~~~~~~~~~
compilation terminated.
Usart/subdir.mk:18: recipe for target 'Usart/usart.o' failed
make: *** [Usart/usart.o] Error 1
make: *** Waiting for unfinished jobs....
src/subdir.mk:24: recipe for target 'src/main.o' failed
make: *** [src/main.o] Error 1
Finished building: ../Third_party/FreeRTOS/ORG/Source/portable/MemMang/heap_4.c
 
Finished building: ../Utilities/delay.c
 

17:53:39 Build Finished (took 1s.609ms)

