16:33:05 **** Incremental Build of configuration Debug for project FreeRTOS_Queue_from_Interrupt ****
make -j4 all 
Building file: ../src/main.c
Building file: ../Third_party/FreeRTOS/ORG/Source/portable/MemMang/heap_4.c
Invoking: MCU GCC Compiler
Building file: ../Third_party/FreeRTOS/ORG/Source/portable/GCC/ARM_CM4F/port.c
Building file: ../Third_party/FreeRTOS/ORG/Source/croutine.c
Invoking: MCU GCC Compiler
Invoking: MCU GCC Compiler
Invoking: MCU GCC Compiler
D:\PENDRIVE\EMBEDDED_SYSTEM\STM32_PROJECTS\FreeRTOS_Project\FreeRTOS_Simple_Task\FreeRTOS_Queue_from_Interrupt\Debug
arm-none-eabi-gcc -mcpu=cortex-m4 -mthumb -mfloat-abi=hard -mfpu=fpv4-sp-d16 -DSTM32 -DSTM32F4 -DSTM32F446ZETx -DNUCLEO_F446ZE -DDEBUG -DSTM32F446xx -DUSE_STDPERIPH_DRIVER -I"D:/PENDRIVE/EMBEDDED_SYSTEM/STM32_PROJECTS/FreeRTOS_Project/FreeRTOS_Simple_Task/FreeRTOS_Queue_from_Interrupt/StdPeriph_Driver/inc" -I"D:/PENDRIVE/EMBEDDED_SYSTEM/STM32_PROJECTS/FreeRTOS_Project/FreeRTOS_Simple_Task/FreeRTOS_Queue_from_Interrupt/inc" -I"D:/PENDRIVE/EMBEDDED_SYSTEM/STM32_PROJECTS/FreeRTOS_Project/FreeRTOS_Simple_Task/FreeRTOS_Queue_from_Interrupt/CMSIS/device" -I"D:/PENDRIVE/EMBEDDED_SYSTEM/STM32_PROJECTS/FreeRTOS_Project/FreeRTOS_Simple_Task/FreeRTOS_Queue_from_Interrupt/CMSIS/core" -O0 -g3 -Wall -fmessage-length=0 -ffunction-sections -c -MMD -MP -MF"src/main.d" -MT"src/main.o" -o "src/main.o" "../src/main.c"
D:\PENDRIVE\EMBEDDED_SYSTEM\STM32_PROJECTS\FreeRTOS_Project\FreeRTOS_Simple_Task\FreeRTOS_Queue_from_Interrupt\Debug
D:\PENDRIVE\EMBEDDED_SYSTEM\STM32_PROJECTS\FreeRTOS_Project\FreeRTOS_Simple_Task\FreeRTOS_Queue_from_Interrupt\Debug
arm-none-eabi-gcc -mcpu=cortex-m4 -mthumb -mfloat-abi=hard -mfpu=fpv4-sp-d16 -DSTM32 -DSTM32F4 -DSTM32F446ZETx -DNUCLEO_F446ZE -DDEBUG -DSTM32F446xx -DUSE_STDPERIPH_DRIVER -I"D:/PENDRIVE/EMBEDDED_SYSTEM/STM32_PROJECTS/FreeRTOS_Project/FreeRTOS_Simple_Task/FreeRTOS_Queue_from_Interrupt/StdPeriph_Driver/inc" -I"D:/PENDRIVE/EMBEDDED_SYSTEM/STM32_PROJECTS/FreeRTOS_Project/FreeRTOS_Simple_Task/FreeRTOS_Queue_from_Interrupt/inc" -I"D:/PENDRIVE/EMBEDDED_SYSTEM/STM32_PROJECTS/FreeRTOS_Project/FreeRTOS_Simple_Task/FreeRTOS_Queue_from_Interrupt/CMSIS/device" -I"D:/PENDRIVE/EMBEDDED_SYSTEM/STM32_PROJECTS/FreeRTOS_Project/FreeRTOS_Simple_Task/FreeRTOS_Queue_from_Interrupt/CMSIS/core" -O0 -g3 -Wall -fmessage-length=0 -ffunction-sections -c -MMD -MP -MF"Third_party/FreeRTOS/ORG/Source/portable/MemMang/heap_4.d" -MT"Third_party/FreeRTOS/ORG/Source/portable/MemMang/heap_4.o" -o "Third_party/FreeRTOS/ORG/Source/portable/MemMang/heap_4.o" "../Third_party/FreeRTOS/ORG/Source/portable/MemMang/heap_4.c"
D:\PENDRIVE\EMBEDDED_SYSTEM\STM32_PROJECTS\FreeRTOS_Project\FreeRTOS_Simple_Task\FreeRTOS_Queue_from_Interrupt\Debug
arm-none-eabi-gcc -mcpu=cortex-m4 -mthumb -mfloat-abi=hard -mfpu=fpv4-sp-d16 -DSTM32 -DSTM32F4 -DSTM32F446ZETx -DNUCLEO_F446ZE -DDEBUG -DSTM32F446xx -DUSE_STDPERIPH_DRIVER -I"D:/PENDRIVE/EMBEDDED_SYSTEM/STM32_PROJECTS/FreeRTOS_Project/FreeRTOS_Simple_Task/FreeRTOS_Queue_from_Interrupt/StdPeriph_Driver/inc" -I"D:/PENDRIVE/EMBEDDED_SYSTEM/STM32_PROJECTS/FreeRTOS_Project/FreeRTOS_Simple_Task/FreeRTOS_Queue_from_Interrupt/inc" -I"D:/PENDRIVE/EMBEDDED_SYSTEM/STM32_PROJECTS/FreeRTOS_Project/FreeRTOS_Simple_Task/FreeRTOS_Queue_from_Interrupt/CMSIS/device" -I"D:/PENDRIVE/EMBEDDED_SYSTEM/STM32_PROJECTS/FreeRTOS_Project/FreeRTOS_Simple_Task/FreeRTOS_Queue_from_Interrupt/CMSIS/core" -O0 -g3 -Wall -fmessage-length=0 -ffunction-sections -c -MMD -MP -MF"Third_party/FreeRTOS/ORG/Source/portable/GCC/ARM_CM4F/port.d" -MT"Third_party/FreeRTOS/ORG/Source/portable/GCC/ARM_CM4F/port.o" -o "Third_party/FreeRTOS/ORG/Source/portable/GCC/ARM_CM4F/port.o" "../Third_party/FreeRTOS/ORG/Source/portable/GCC/ARM_CM4F/port.c"
arm-none-eabi-gcc -mcpu=cortex-m4 -mthumb -mfloat-abi=hard -mfpu=fpv4-sp-d16 -DSTM32 -DSTM32F4 -DSTM32F446ZETx -DNUCLEO_F446ZE -DDEBUG -DSTM32F446xx -DUSE_STDPERIPH_DRIVER -I"D:/PENDRIVE/EMBEDDED_SYSTEM/STM32_PROJECTS/FreeRTOS_Project/FreeRTOS_Simple_Task/FreeRTOS_Queue_from_Interrupt/StdPeriph_Driver/inc" -I"D:/PENDRIVE/EMBEDDED_SYSTEM/STM32_PROJECTS/FreeRTOS_Project/FreeRTOS_Simple_Task/FreeRTOS_Queue_from_Interrupt/inc" -I"D:/PENDRIVE/EMBEDDED_SYSTEM/STM32_PROJECTS/FreeRTOS_Project/FreeRTOS_Simple_Task/FreeRTOS_Queue_from_Interrupt/CMSIS/device" -I"D:/PENDRIVE/EMBEDDED_SYSTEM/STM32_PROJECTS/FreeRTOS_Project/FreeRTOS_Simple_Task/FreeRTOS_Queue_from_Interrupt/CMSIS/core" -O0 -g3 -Wall -fmessage-length=0 -ffunction-sections -c -MMD -MP -MF"Third_party/FreeRTOS/ORG/Source/croutine.d" -MT"Third_party/FreeRTOS/ORG/Source/croutine.o" -o "Third_party/FreeRTOS/ORG/Source/croutine.o" "../Third_party/FreeRTOS/ORG/Source/croutine.c"
../Third_party/FreeRTOS/ORG/Source/portable/GCC/ARM_CM4F/port.c:32:10: fatal error: FreeRTOS.h: No such file or directory
 #include "FreeRTOS.h"
          ^~~~~~~~~~~~
compilation terminated.
../Third_party/FreeRTOS/ORG/Source/croutine.c:27:10: fatal error: FreeRTOS.h: No such file or directory
 #include "FreeRTOS.h"
          ^~~~~~~~~~~~
compilation terminated.
../Third_party/FreeRTOS/ORG/Source/portable/MemMang/heap_4.c:42:10: fatal error: FreeRTOS.h: No such file or directory
 #include "FreeRTOS.h"
          ^~~~~~~~~~~~
compilation terminated.
Third_party/FreeRTOS/ORG/Source/portable/GCC/ARM_CM4F/subdir.mk:18: recipe for target 'Third_party/FreeRTOS/ORG/Source/portable/GCC/ARM_CM4F/port.o' failed
make: *** [Third_party/FreeRTOS/ORG/Source/portable/GCC/ARM_CM4F/port.o] Error 1
make: *** Waiting for unfinished jobs....
Third_party/FreeRTOS/ORG/Source/subdir.mk:36: recipe for target 'Third_party/FreeRTOS/ORG/Source/croutine.o' failed
make: *** [Third_party/FreeRTOS/ORG/Source/croutine.o] Error 1
Third_party/FreeRTOS/ORG/Source/portable/MemMang/subdir.mk:18: recipe for target 'Third_party/FreeRTOS/ORG/Source/portable/MemMang/heap_4.o' failed
make: *** [Third_party/FreeRTOS/ORG/Source/portable/MemMang/heap_4.o] Error 1
../src/main.c:13:9: fatal error: FreeRTOS.h: No such file or directory
 #include"FreeRTOS.h"
         ^~~~~~~~~~~~
compilation terminated.
src/subdir.mk:24: recipe for target 'src/main.o' failed
make: *** [src/main.o] Error 1

16:33:06 Build Finished (took 1s.243ms)

